{"numFailedTestSuites":1,"numFailedTests":0,"numPassedTestSuites":0,"numPassedTests":0,"numPendingTestSuites":0,"numPendingTests":0,"numRuntimeErrorTestSuites":1,"numTodoTests":0,"numTotalTestSuites":1,"numTotalTests":0,"openHandles":[],"snapshot":{"added":0,"didUpdate":false,"failure":false,"filesAdded":0,"filesRemoved":0,"filesRemovedList":[],"filesUnmatched":0,"filesUpdated":0,"matched":0,"total":0,"unchecked":0,"uncheckedKeysByFile":[],"unmatched":0,"updated":0},"startTime":1766340776615,"success":false,"testResults":[{"assertionResults":[],"coverage":{},"endTime":1766340777854,"message":"  \u001b[1m● \u001b[22mTest suite failed to run\n\n    \u001b[96mtests/board/BoardState.getConnectedIndices.test.ts\u001b[0m:\u001b[93m2\u001b[0m:\u001b[93m28\u001b[0m - \u001b[91merror\u001b[0m\u001b[90m TS2307: \u001b[0mCannot find module '../src/typescript/board' or its corresponding type declarations.\n\n    \u001b[7m2\u001b[0m import { BoardState } from '../src/typescript/board';\n    \u001b[7m \u001b[0m \u001b[91m                           ~~~~~~~~~~~~~~~~~~~~~~~~~\u001b[0m\n    \u001b[96mtests/board/BoardState.getConnectedIndices.test.ts\u001b[0m:\u001b[93m8\u001b[0m:\u001b[93m18\u001b[0m - \u001b[91merror\u001b[0m\u001b[90m TS2322: \u001b[0mType 'string' is not assignable to type 'null'.\n\n    \u001b[7m8\u001b[0m     cubes[0] = { color: 'red' };\n    \u001b[7m \u001b[0m \u001b[91m                 ~~~~~\u001b[0m\n\n      \u001b[96mtests/board/BoardState.getConnectedIndices.test.ts\u001b[0m:\u001b[93m7\u001b[0m:\u001b[93m54\u001b[0m\n        \u001b[7m7\u001b[0m     const cubes = Array(100).fill(null).map(() => ({ color: null }));\n        \u001b[7m \u001b[0m \u001b[96m                                                     ~~~~~~~~~~~\u001b[0m\n        The expected type comes from property 'color' which is declared here on type '{ color: null; }'\n    \u001b[96mtests/board/BoardState.getConnectedIndices.test.ts\u001b[0m:\u001b[93m9\u001b[0m:\u001b[93m18\u001b[0m - \u001b[91merror\u001b[0m\u001b[90m TS2322: \u001b[0mType 'string' is not assignable to type 'null'.\n\n    \u001b[7m9\u001b[0m     cubes[1] = { color: 'red' };\n    \u001b[7m \u001b[0m \u001b[91m                 ~~~~~\u001b[0m\n\n      \u001b[96mtests/board/BoardState.getConnectedIndices.test.ts\u001b[0m:\u001b[93m7\u001b[0m:\u001b[93m54\u001b[0m\n        \u001b[7m7\u001b[0m     const cubes = Array(100).fill(null).map(() => ({ color: null }));\n        \u001b[7m \u001b[0m \u001b[96m                                                     ~~~~~~~~~~~\u001b[0m\n        The expected type comes from property 'color' which is declared here on type '{ color: null; }'\n","name":"D:\\Development\\Code\\blocks-game\\tests\\board\\BoardState.getConnectedIndices.test.ts","startTime":1766340777854,"status":"failed","summary":""}],"wasInterrupted":false}
